# JRE version: Java(TM) SE Runtime Environment (8.0_45-b15) (build 1.8.0_45-b15)
# Java VM: Java HotSpot(TM) 64-Bit Server VM (25.45-b02 mixed mode windows-amd64 compressed oops)
Heap:
 PSYoungGen      total 66048K, used 2528K [0x00000000d5580000, 0x00000000de580000, 0x0000000100000000)
  eden space 63488K, 0% used [0x00000000d5580000,0x00000000d5580000,0x00000000d9380000)
  from space 2560K, 98% used [0x00000000d9380000,0x00000000d95f8030,0x00000000d9600000)
  to   space 10240K, 0% used [0x00000000ddb80000,0x00000000ddb80000,0x00000000de580000)
 ParOldGen       total 42496K, used 13676K [0x0000000080000000, 0x0000000082980000, 0x00000000d5580000)
  object space 42496K, 32% used [0x0000000080000000,0x0000000080d5b388,0x0000000082980000)
 Metaspace       used 20850K, capacity 21190K, committed 21296K, reserved 1067008K
  class space    used 2807K, capacity 2917K, committed 2944K, reserved 1048576K
GC Heap History (10 events):
Event: 0.480 GC heap after
Heap after GC invocations=1 (full 0):
 PSYoungGen      total 18432K, used 2529K [0x00000000d5580000, 0x00000000d7980000, 0x0000000100000000)
  eden space 15872K, 0% used [0x00000000d5580000,0x00000000d5580000,0x00000000d6500000)
  from space 2560K, 98% used [0x00000000d6500000,0x00000000d67786a8,0x00000000d6780000)
  to   space 2560K, 0% used [0x00000000d7700000,0x00000000d7700000,0x00000000d7980000)
 ParOldGen       total 42496K, used 404K [0x0000000080000000, 0x0000000082980000, 0x00000000d5580000)
  object space 42496K, 0% used [0x0000000080000000,0x00000000800650e0,0x0000000082980000)
 Metaspace       used 5456K, capacity 5976K, committed 6144K, reserved 1056768K
  class space    used 694K, capacity 760K, committed 768K, reserved 1048576K
}
Event: 0.655 GC heap before
{Heap before GC invocations=2 (full 0):
 PSYoungGen      total 18432K, used 18401K [0x00000000d5580000, 0x00000000d7980000, 0x0000000100000000)
  eden space 15872K, 100% used [0x00000000d5580000,0x00000000d6500000,0x00000000d6500000)
  from space 2560K, 98% used [0x00000000d6500000,0x00000000d67786a8,0x00000000d6780000)
  to   space 2560K, 0% used [0x00000000d7700000,0x00000000d7700000,0x00000000d7980000)
 ParOldGen       total 42496K, used 404K [0x0000000080000000, 0x0000000082980000, 0x00000000d5580000)
  object space 42496K, 0% used [0x0000000080000000,0x00000000800650e0,0x0000000082980000)
 Metaspace       used 5733K, capacity 6096K, committed 6272K, reserved 1056768K
  class space    used 734K, capacity 800K, committed 896K, reserved 1048576K
Event: 0.659 GC heap after
Heap after GC invocations=2 (full 0):
 PSYoungGen      total 34304K, used 2188K [0x00000000d5580000, 0x00000000d7980000, 0x0000000100000000)
  eden space 31744K, 0% used [0x00000000d5580000,0x00000000d5580000,0x00000000d7480000)
  from space 2560K, 85% used [0x00000000d7700000,0x00000000d79232a0,0x00000000d7980000)
  to   space 2560K, 0% used [0x00000000d7480000,0x00000000d7480000,0x00000000d7700000)
 ParOldGen       total 42496K, used 404K [0x0000000080000000, 0x0000000082980000, 0x00000000d5580000)
  object space 42496K, 0% used [0x0000000080000000,0x00000000800650e0,0x0000000082980000)
 Metaspace       used 5733K, capacity 6096K, committed 6272K, reserved 1056768K
  class space    used 734K, capacity 800K, committed 896K, reserved 1048576K
}
Event: 1.869 GC heap before
{Heap before GC invocations=3 (full 0):
 PSYoungGen      total 34304K, used 33932K [0x00000000d5580000, 0x00000000d7980000, 0x0000000100000000)
  eden space 31744K, 100% used [0x00000000d5580000,0x00000000d7480000,0x00000000d7480000)
  from space 2560K, 85% used [0x00000000d7700000,0x00000000d79232a0,0x00000000d7980000)
  to   space 2560K, 0% used [0x00000000d7480000,0x00000000d7480000,0x00000000d7700000)
 ParOldGen       total 42496K, used 404K [0x0000000080000000, 0x0000000082980000, 0x00000000d5580000)
  object space 42496K, 0% used [0x0000000080000000,0x00000000800650e0,0x0000000082980000)
 Metaspace       used 12189K, capacity 12564K, committed 12800K, reserved 1060864K
  class space    used 1654K, capacity 1752K, committed 1792K, reserved 1048576K
Event: 1.882 GC heap after
Heap after GC invocations=3 (full 0):
 PSYoungGen      total 34304K, used 2544K [0x00000000d5580000, 0x00000000d9880000, 0x0000000100000000)
  eden space 31744K, 0% used [0x00000000d5580000,0x00000000d5580000,0x00000000d7480000)
  from space 2560K, 99% used [0x00000000d7480000,0x00000000d76fc030,0x00000000d7700000)
  to   space 2560K, 0% used [0x00000000d9600000,0x00000000d9600000,0x00000000d9880000)
 ParOldGen       total 42496K, used 3777K [0x0000000080000000, 0x0000000082980000, 0x00000000d5580000)
  object space 42496K, 8% used [0x0000000080000000,0x00000000803b0408,0x0000000082980000)
 Metaspace       used 12189K, capacity 12564K, committed 12800K, reserved 1060864K
  class space    used 1654K, capacity 1752K, committed 1792K, reserved 1048576K
}
Event: 3.156 GC heap before
{Heap before GC invocations=4 (full 0):
 PSYoungGen      total 34304K, used 34288K [0x00000000d5580000, 0x00000000d9880000, 0x0000000100000000)
  eden space 31744K, 100% used [0x00000000d5580000,0x00000000d7480000,0x00000000d7480000)
  from space 2560K, 99% used [0x00000000d7480000,0x00000000d76fc030,0x00000000d7700000)
  to   space 2560K, 0% used [0x00000000d9600000,0x00000000d9600000,0x00000000d9880000)
 ParOldGen       total 42496K, used 3777K [0x0000000080000000, 0x0000000082980000, 0x00000000d5580000)
  object space 42496K, 8% used [0x0000000080000000,0x00000000803b0408,0x0000000082980000)
 Metaspace       used 18021K, capacity 18298K, committed 18432K, reserved 1064960K
  class space    used 2452K, capacity 2554K, committed 2560K, reserved 1048576K
Event: 3.165 GC heap after
Heap after GC invocations=4 (full 0):
 PSYoungGen      total 66048K, used 2544K [0x00000000d5580000, 0x00000000d9880000, 0x0000000100000000)
  eden space 63488K, 0% used [0x00000000d5580000,0x00000000d5580000,0x00000000d9380000)
  from space 2560K, 99% used [0x00000000d9600000,0x00000000d987c030,0x00000000d9880000)
  to   space 2560K, 0% used [0x00000000d9380000,0x00000000d9380000,0x00000000d9600000)
 ParOldGen       total 42496K, used 9354K [0x0000000080000000, 0x0000000082980000, 0x00000000d5580000)
  object space 42496K, 22% used [0x0000000080000000,0x00000000809228a0,0x0000000082980000)
 Metaspace       used 18021K, capacity 18298K, committed 18432K, reserved 1064960K
  class space    used 2452K, capacity 2554K, committed 2560K, reserved 1048576K
}
Event: 4.211 GC heap before
{Heap before GC invocations=5 (full 0):
 PSYoungGen      total 66048K, used 37105K [0x00000000d5580000, 0x00000000d9880000, 0x0000000100000000)
  eden space 63488K, 54% used [0x00000000d5580000,0x00000000d77405b8,0x00000000d9380000)
  from space 2560K, 99% used [0x00000000d9600000,0x00000000d987c030,0x00000000d9880000)
  to   space 2560K, 0% used [0x00000000d9380000,0x00000000d9380000,0x00000000d9600000)
 ParOldGen       total 42496K, used 9354K [0x0000000080000000, 0x0000000082980000, 0x00000000d5580000)
  object space 42496K, 22% used [0x0000000080000000,0x00000000809228a0,0x0000000082980000)
 Metaspace       used 20850K, capacity 21190K, committed 21296K, reserved 1067008K
  class space    used 2807K, capacity 2917K, committed 2944K, reserved 1048576K
Event: 4.250 GC heap after
Heap after GC invocations=5 (full 0):
 PSYoungGen      total 66048K, used 2528K [0x00000000d5580000, 0x00000000de580000, 0x0000000100000000)
  eden space 63488K, 0% used [0x00000000d5580000,0x00000000d5580000,0x00000000d9380000)
  from space 2560K, 98% used [0x00000000d9380000,0x00000000d95f8030,0x00000000d9600000)
  to   space 10240K, 0% used [0x00000000ddb80000,0x00000000ddb80000,0x00000000de580000)
 ParOldGen       total 42496K, used 13676K [0x0000000080000000, 0x0000000082980000, 0x00000000d5580000)
  object space 42496K, 32% used [0x0000000080000000,0x0000000080d5b388,0x0000000082980000)
 Metaspace       used 20850K, capacity 21190K, committed 21296K, reserved 1067008K
  class space    used 2807K, capacity 2917K, committed 2944K, reserved 1048576K
}
Event: 4.250 GC heap before
{Heap before GC invocations=6 (full 1):
 PSYoungGen      total 66048K, used 2528K [0x00000000d5580000, 0x00000000de580000, 0x0000000100000000)
  eden space 63488K, 0% used [0x00000000d5580000,0x00000000d5580000,0x00000000d9380000)
  from space 2560K, 98% used [0x00000000d9380000,0x00000000d95f8030,0x00000000d9600000)
  to   space 10240K, 0% used [0x00000000ddb80000,0x00000000ddb80000,0x00000000de580000)
 ParOldGen       total 42496K, used 13676K [0x0000000080000000, 0x0000000082980000, 0x00000000d5580000)
  object space 42496K, 32% used [0x0000000080000000,0x0000000080d5b388,0x0000000082980000)
 Metaspace       used 20850K, capacity 21190K, committed 21296K, reserved 1067008K
  class space    used 2807K, capacity 2917K, committed 2944K, reserved 1048576K

